Arguments: 
  C:\Program Files (x86)\nodejs\node.exe C:\Users\Jake Casundo\AppData\Roaming\npm\node_modules\yarn\bin\yarn.js add print-js

PATH: 
  C:\Python311\Scripts\;C:\Python311\;C:\Program Files\Common Files\Oracle\Java\javapath;C:\Program Files\Eclipse Adoptium\jdk-17.0.1.12-hotspot\bin;C:\WINDOWS\system32;C:\WINDOWS;C:\WINDOWS\System32\Wbem;C:\WINDOWS\System32\WindowsPowerShell\v1.0\;C:\WINDOWS\System32\OpenSSH\;C:\Program Files (x86)\Git\cmd;C:\ProgramData\chocolatey\bin;C:\xampp\php;C:\ProgramData\ComposerSetup\bin;C:\Program Files (x86)\nodejs\;C:\Python311\Scripts\;C:\Python311\;C:\Program Files\Common Files\Oracle\Java\javapath;C:\Program Files\Eclipse Adoptium\jdk-17.0.1.12-hotspot\bin;C:\WINDOWS\system32;C:\WINDOWS;C:\WINDOWS\System32\Wbem;C:\WINDOWS\System32\WindowsPowerShell\v1.0\;C:\WINDOWS\System32\OpenSSH\;C:\Program Files (x86)\Git\cmd;C:\ProgramData\chocolatey\bin;C:\xampp\php;C:\ProgramData\ComposerSetup\bin;C:\Program Files (x86)\nodejs\;C:\Users\Jake Casundo\AppData\Local\Programs\Microsoft VS Code\bin;C:\Users\Jake Casundo\AppData\Local\Microsoft\WindowsApps;C:\Users\Jake Casundo\AppData\Local\atom\bin;C:\Users\Jake Casundo\AppData\Roaming\Composer\vendor\bin;C:\Users\Jake Casundo\AppData\Roaming\npm;C:\Program Files\nodejs

Yarn version: 
  1.22.19

Node version: 
  18.15.0

Platform: 
  win32 ia32

Trace: 
  Error: https://registry.yarnpkg.com/@fortawesome/fontawesome-free/-/fontawesome-free-5.15.3.tgz: ESOCKETTIMEDOUT
      at ClientRequest.<anonymous> (C:\Users\Jake Casundo\AppData\Roaming\npm\node_modules\yarn\lib\cli.js:141517:19)
      at Object.onceWrapper (node:events:627:28)
      at ClientRequest.emit (node:events:513:28)
      at TLSSocket.emitRequestTimeout (node:_http_client:848:9)
      at Object.onceWrapper (node:events:627:28)
      at TLSSocket.emit (node:events:525:35)
      at Socket._onTimeout (node:net:570:8)
      at listOnTimeout (node:internal/timers:569:17)
      at process.processTimers (node:internal/timers:512:7)

npm manifest: 
  {
      "title": "SB Admin 2",
      "name": "startbootstrap-sb-admin-2",
      "version": "4.1.3",
      "scripts": {
          "start": "node_modules/.bin/gulp watch"
      },
      "description": "An open source Bootstrap 4 admin theme.",
      "keywords": [
          "css",
          "sass",
          "html",
          "responsive",
          "theme",
          "template",
          "admin",
          "app"
      ],
      "homepage": "https://startbootstrap.com/theme/sb-admin-2",
      "bugs": {
          "url": "https://github.com/StartBootstrap/startbootstrap-sb-admin-2/issues",
          "email": "feedback@startbootstrap.com"
      },
      "license": "MIT",
      "author": "Start Bootstrap",
      "contributors": [
          "David Miller (https://davidmiller.io/)"
      ],
      "repository": {
          "type": "git",
          "url": "https://github.com/StartBootstrap/startbootstrap-sb-admin-2.git"
      },
      "dependencies": {
          "@fortawesome/fontawesome-free": "5.15.3",
          "bootstrap": "4.6.0",
          "chart.js": "2.9.4",
          "datatables.net-bs4": "1.10.24",
          "jquery": "3.6.0",
          "jquery.easing": "^1.4.1"
      },
      "devDependencies": {
          "browser-sync": "2.26.14",
          "del": "6.0.0",
          "gulp": "4.0.2",
          "gulp-autoprefixer": "7.0.1",
          "gulp-clean-css": "4.3.0",
          "gulp-header": "2.0.9",
          "gulp-plumber": "^1.2.1",
          "gulp-rename": "2.0.0",
          "gulp-sass": "4.1.0",
          "gulp-uglify": "3.0.2",
          "merge-stream": "2.0.0"
      }
  }

yarn manifest: 
  No manifest

Lockfile: 
  No lockfile
